#
# There is insufficient memory for the Java Runtime Environment to continue.
# Native memory allocation (malloc) failed to allocate 1051248 bytes for Chunk::new
# Possible reasons:
#   The system is out of physical RAM or swap space
#   The process is running with CompressedOops enabled, and the Java Heap may be blocking the growth of the native heap
# Possible solutions:
#   Reduce memory load on the system
#   Increase physical memory or swap space
#   Check if swap backing store is full
#   Decrease Java heap size (-Xmx/-Xms)
#   Decrease number of Java threads
#   Decrease Java thread stack sizes (-Xss)
#   Set larger code cache with -XX:ReservedCodeCacheSize=
#   JVM is running with Unscaled Compressed Oops mode in which the Java heap is
#     placed in the first 4GB address space. The Java Heap base address is the
#     maximum limit for the native heap growth. Please use -XX:HeapBaseMinAddress
#     to set the Java Heap base and to place the Java Heap above 4GB virtual address.
# This output file may be truncated or incomplete.
#
#  Out of Memory Error (allocation.cpp:389), pid=10268, tid=0x00000000000027fc
#
# JRE version: OpenJDK Runtime Environment (8.0_212-b04) (build 1.8.0_212-release-1586-b04)
# Java VM: OpenJDK 64-Bit Server VM (25.212-b04 mixed mode windows-amd64 compressed oops)
# Failed to write core dump. Minidumps are not enabled by default on client versions of Windows
#

---------------  T H R E A D  ---------------

Current thread (0x0000000015f6f000):  JavaThread "C2 CompilerThread0" daemon [_thread_in_native, id=10236, stack(0x0000000017600000,0x0000000017700000)]

Stack: [0x0000000017600000,0x0000000017700000]
[error occurred during error reporting (printing stack bounds), id 0xc0000005]

Native frames: (J=compiled Java code, j=interpreted, Vv=VM code, C=native code)


Current CompileTask:
C2:  21858 3235       4       org.codehaus.groovy.runtime.metaclass.MetaMethodIndex::addMethodToList (298 bytes)


---------------  P R O C E S S  ---------------

Java Threads: ( => current thread )
  0x000000001834d800 JavaThread "Cache worker for execution history cache (C:\Users\user\.gradle\caches\5.6.4\executionHistory)" [_thread_blocked, id=10888, stack(0x000000001fc50000,0x000000001fd50000)]
  0x000000001834d000 JavaThread "Cache worker for cache directory md-rule (C:\Users\user\.gradle\caches\5.6.4\md-rule)" [_thread_blocked, id=5116, stack(0x000000001fb50000,0x000000001fc50000)]
  0x000000001834a800 JavaThread "Cache worker for cache directory md-supplier (C:\Users\user\.gradle\caches\5.6.4\md-supplier)" [_thread_blocked, id=11944, stack(0x000000001e1c0000,0x000000001e2c0000)]
  0x00000000188a1800 JavaThread "Cache worker for file hash cache (C:\Users\user\AndroidStudioProjects\HoverHackaton\.gradle\5.6.4\fileHashes)" [_thread_blocked, id=11072, stack(0x000000001e0c0000,0x000000001e1c0000)]
  0x00000000188a0800 JavaThread "Cache worker for journal cache (C:\Users\user\.gradle\caches\journal-1)" [_thread_blocked, id=8612, stack(0x000000001bd20000,0x000000001be20000)]
  0x00000000188a2000 JavaThread "File lock request listener" [_thread_in_native, id=3272, stack(0x000000001bc20000,0x000000001bd20000)]
  0x00000000188a3000 JavaThread "Cache worker for file hash cache (C:\Users\user\.gradle\caches\5.6.4\fileHashes)" [_thread_blocked, id=2664, stack(0x000000001b920000,0x000000001ba20000)]
  0x0000000019999000 JavaThread "Thread-9" [_thread_blocked, id=11136, stack(0x000000001b820000,0x000000001b920000)]
  0x000000001998f000 JavaThread "Stdin handler" [_thread_blocked, id=15620, stack(0x000000001b720000,0x000000001b820000)]
  0x000000001998d000 JavaThread "Asynchronous log dispatcher for DefaultDaemonConnection: socket connection from /127.0.0.1:59973 to /127.0.0.1:59974" [_thread_blocked, id=16220, stack(0x000000001b620000,0x000000001b720000)]
  0x0000000019989000 JavaThread "Daemon worker" [_thread_in_native, id=15200, stack(0x000000001b520000,0x000000001b620000)]
  0x00000000199d0000 JavaThread "Cancel handler" [_thread_blocked, id=15772, stack(0x000000001b420000,0x000000001b520000)]
  0x00000000198ec000 JavaThread "Handler for socket connection from /127.0.0.1:59973 to /127.0.0.1:59974" [_thread_in_native, id=12888, stack(0x000000001b120000,0x000000001b220000)]
  0x00000000198ea000 JavaThread "Daemon" [_thread_blocked, id=2496, stack(0x000000001b020000,0x000000001b120000)]
  0x0000000019961800 JavaThread "Daemon periodic checks" [_thread_blocked, id=2800, stack(0x000000001af20000,0x000000001b020000)]
  0x00000000198ed800 JavaThread "Incoming local TCP Connector on port 59973" [_thread_in_native, id=14364, stack(0x000000001ace0000,0x000000001ade0000)]
  0x0000000017f54800 JavaThread "Daemon health stats" [_thread_blocked, id=1204, stack(0x000000001a6a0000,0x000000001a7a0000)]
  0x0000000015fcd800 JavaThread "Service Thread" daemon [_thread_blocked, id=7568, stack(0x0000000017d00000,0x0000000017e00000)]
  0x0000000015f82000 JavaThread "C1 CompilerThread2" daemon [_thread_blocked, id=8484, stack(0x0000000017800000,0x0000000017900000)]
  0x0000000015f75800 JavaThread "C2 CompilerThread1" daemon [_thread_blocked, id=4420, stack(0x0000000017700000,0x0000000017800000)]
=>0x0000000015f6f000 JavaThread "C2 CompilerThread0" daemon [_thread_in_native, id=10236, stack(0x0000000017600000,0x0000000017700000)]
  0x0000000015f6c000 JavaThread "Attach Listener" daemon [_thread_blocked, id=3808, stack(0x0000000017500000,0x0000000017600000)]
  0x0000000015f6a800 JavaThread "Signal Dispatcher" daemon [_thread_blocked, id=14844, stack(0x0000000017400000,0x0000000017500000)]
  0x00000000025bc000 JavaThread "Finalizer" daemon [_thread_blocked, id=11076, stack(0x0000000017200000,0x0000000017300000)]
  0x0000000015f59000 JavaThread "Reference Handler" daemon [_thread_blocked, id=15712, stack(0x0000000017100000,0x0000000017200000)]
  0x00000000025fd800 JavaThread "main" [_thread_blocked, id=11328, stack(0x0000000000bf0000,0x0000000000cf0000)]

Other Threads:
  0x0000000015f37800 VMThread [stack: 0x0000000017000000,0x0000000017100000] [id=9096]
  0x0000000015fce800 WatcherThread [stack: 0x0000000017e00000,0x0000000017f00000] [id=16468]

VM state:not at safepoint (normal execution)

VM Mutex/Monitor currently owned by a thread: None

heap address: 0x00000000a0000000, size: 1536 MB, Compressed Oops mode: 32-bit
Narrow klass base: 0x0000000000000000, Narrow klass shift: 3
Compressed class space size: 1073741824 Address: 0x0000000100000000

Heap:
 PSYoungGen      total 122368K, used 23420K [0x00000000e0000000, 0x00000000eb180000, 0x0000000100000000)
  eden space 110080K, 21% used [0x00000000e0000000,0x00000000e16df088,0x00000000e6b80000)
  from space 12288K, 0% used [0x00000000e6b80000,0x00000000e6b80000,0x00000000e7780000)
  to   space 12288K, 0% used [0x00000000ea580000,0x00000000ea580000,0x00000000eb180000)
 ParOldGen       total 76800K, used 15141K [0x00000000a0000000, 0x00000000a4b00000, 0x00000000e0000000)
  object space 76800K, 19% used [0x00000000a0000000,0x00000000a0ec9690,0x00000000a4b00000)
 Metaspace       used 35730K, capacity 36512K, committed 36736K, reserved 1081344K
  class space    used 4712K, capacity 4941K, committed 4992K, reserved 1048576K

Card table byte_map: [0x00000000119c0000,0x0000000011cd0000] byte_map_base: 0x00000000114c0000

Marking Bits: (ParMarkBitMap*) 0x000000006c789f30
 Begin Bits: [0x00000000122d0000, 0x0000000013ad0000)
 End Bits:   [0x0000000013ad0000, 0x00000000152d0000)

Polling page: 0x0000000000aa0000

CodeCache: size=245760Kb used=11475Kb max_used=11487Kb free=234284Kb
 bounds [0x0000000002600000, 0x0000000003150000, 0x0000000011600000]
 total_blobs=3735 nmethods=3017 adapters=631
 compilation: enabled

Compilation events (10 events):
Event: 21.805 Thread 0x0000000015f82000 3273       3       org.objectweb.asm.FieldVisitor::<init> (7 bytes)
Event: 21.806 Thread 0x0000000015f82000 nmethod 3273 0x0000000003133790 code [0x0000000003133900, 0x0000000003133a88]
Event: 21.806 Thread 0x0000000015f82000 3274       3       org.objectweb.asm.FieldVisitor::<init> (66 bytes)
Event: 21.806 Thread 0x0000000015f82000 nmethod 3274 0x0000000003138950 code [0x0000000003138b40, 0x0000000003139498]
Event: 21.806 Thread 0x0000000015f82000 3275       3       org.objectweb.asm.FieldWriter::computeFieldInfoSize (86 bytes)
Event: 21.806 Thread 0x0000000015f82000 nmethod 3275 0x0000000003132e50 code [0x0000000003133000, 0x0000000003133518]
Event: 21.806 Thread 0x0000000015f82000 3276       3       org.objectweb.asm.FieldWriter::putFieldInfo (269 bytes)
Event: 21.807 Thread 0x0000000015f82000 nmethod 3276 0x0000000003139890 code [0x0000000003139ae0, 0x000000000313a7c8]
Event: 21.813 Thread 0x0000000015f82000 3277       3       org.gradle.internal.service.DefaultServiceRegistry$InstanceUnpackingVisitor::visit (24 bytes)
Event: 21.813 Thread 0x0000000015f82000 nmethod 3277 0x000000000313acd0 code [0x000000000313ae80, 0x000000000313b458]

GC Heap History (10 events):
Event: 11.194 GC heap before
{Heap before GC invocations=7 (full 1):
 PSYoungGen      total 76288K, used 9265K [0x00000000e0000000, 0x00000000e5800000, 0x0000000100000000)
  eden space 65536K, 0% used [0x00000000e0000000,0x00000000e0000000,0x00000000e4000000)
  from space 10752K, 86% used [0x00000000e4b80000,0x00000000e548c688,0x00000000e5600000)
  to   space 11776K, 0% used [0x00000000e4000000,0x00000000e4000000,0x00000000e4b80000)
 ParOldGen       total 87552K, used 7564K [0x00000000a0000000, 0x00000000a5580000, 0x00000000e0000000)
  object space 87552K, 8% used [0x00000000a0000000,0x00000000a0763078,0x00000000a5580000)
 Metaspace       used 20713K, capacity 21190K, committed 21296K, reserved 1067008K
  class space    used 2993K, capacity 3136K, committed 3200K, reserved 1048576K
Event: 11.243 GC heap after
Heap after GC invocations=7 (full 1):
 PSYoungGen      total 76288K, used 0K [0x00000000e0000000, 0x00000000e5800000, 0x0000000100000000)
  eden space 65536K, 0% used [0x00000000e0000000,0x00000000e0000000,0x00000000e4000000)
  from space 10752K, 0% used [0x00000000e4b80000,0x00000000e4b80000,0x00000000e5600000)
  to   space 11776K, 0% used [0x00000000e4000000,0x00000000e4000000,0x00000000e4b80000)
 ParOldGen       total 56320K, used 9981K [0x00000000a0000000, 0x00000000a3700000, 0x00000000e0000000)
  object space 56320K, 17% used [0x00000000a0000000,0x00000000a09bf448,0x00000000a3700000)
 Metaspace       used 20713K, capacity 21190K, committed 21296K, reserved 1067008K
  class space    used 2993K, capacity 3136K, committed 3200K, reserved 1048576K
}
Event: 16.422 GC heap before
{Heap before GC invocations=8 (full 1):
 PSYoungGen      total 76288K, used 65536K [0x00000000e0000000, 0x00000000e5800000, 0x0000000100000000)
  eden space 65536K, 100% used [0x00000000e0000000,0x00000000e4000000,0x00000000e4000000)
  from space 10752K, 0% used [0x00000000e4b80000,0x00000000e4b80000,0x00000000e5600000)
  to   space 11776K, 0% used [0x00000000e4000000,0x00000000e4000000,0x00000000e4b80000)
 ParOldGen       total 56320K, used 9981K [0x00000000a0000000, 0x00000000a3700000, 0x00000000e0000000)
  object space 56320K, 17% used [0x00000000a0000000,0x00000000a09bf448,0x00000000a3700000)
 Metaspace       used 28208K, capacity 28750K, committed 28928K, reserved 1075200K
  class space    used 3861K, capacity 4010K, committed 4096K, reserved 1048576K
Event: 16.434 GC heap after
Heap after GC invocations=8 (full 1):
 PSYoungGen      total 77312K, used 7435K [0x00000000e0000000, 0x00000000e8280000, 0x0000000100000000)
  eden space 65536K, 0% used [0x00000000e0000000,0x00000000e0000000,0x00000000e4000000)
  from space 11776K, 63% used [0x00000000e4000000,0x00000000e4742e90,0x00000000e4b80000)
  to   space 11264K, 0% used [0x00000000e7780000,0x00000000e7780000,0x00000000e8280000)
 ParOldGen       total 56320K, used 9989K [0x00000000a0000000, 0x00000000a3700000, 0x00000000e0000000)
  object space 56320K, 17% used [0x00000000a0000000,0x00000000a09c1448,0x00000000a3700000)
 Metaspace       used 28208K, capacity 28750K, committed 28928K, reserved 1075200K
  class space    used 3861K, capacity 4010K, committed 4096K, reserved 1048576K
}
Event: 19.720 GC heap before
{Heap before GC invocations=9 (full 1):
 PSYoungGen      total 77312K, used 72971K [0x00000000e0000000, 0x00000000e8280000, 0x0000000100000000)
  eden space 65536K, 100% used [0x00000000e0000000,0x00000000e4000000,0x00000000e4000000)
  from space 11776K, 63% used [0x00000000e4000000,0x00000000e4742e90,0x00000000e4b80000)
  to   space 11264K, 0% used [0x00000000e7780000,0x00000000e7780000,0x00000000e8280000)
 ParOldGen       total 56320K, used 9989K [0x00000000a0000000, 0x00000000a3700000, 0x00000000e0000000)
  object space 56320K, 17% used [0x00000000a0000000,0x00000000a09c1448,0x00000000a3700000)
 Metaspace       used 33302K, capacity 33900K, committed 34176K, reserved 1079296K
  class space    used 4474K, capacity 4692K, committed 4736K, reserved 1048576K
Event: 19.751 GC heap after
Heap after GC invocations=9 (full 1):
 PSYoungGen      total 121344K, used 10378K [0x00000000e0000000, 0x00000000e8480000, 0x0000000100000000)
  eden space 110080K, 0% used [0x00000000e0000000,0x00000000e0000000,0x00000000e6b80000)
  from space 11264K, 92% used [0x00000000e7780000,0x00000000e81a2a30,0x00000000e8280000)
  to   space 12288K, 0% used [0x00000000e6b80000,0x00000000e6b80000,0x00000000e7780000)
 ParOldGen       total 56320K, used 9997K [0x00000000a0000000, 0x00000000a3700000, 0x00000000e0000000)
  object space 56320K, 17% used [0x00000000a0000000,0x00000000a09c3448,0x00000000a3700000)
 Metaspace       used 33302K, capacity 33900K, committed 34176K, reserved 1079296K
  class space    used 4474K, capacity 4692K, committed 4736K, reserved 1048576K
}
Event: 20.563 GC heap before
{Heap before GC invocations=10 (full 1):
 PSYoungGen      total 121344K, used 28493K [0x00000000e0000000, 0x00000000e8480000, 0x0000000100000000)
  eden space 110080K, 16% used [0x00000000e0000000,0x00000000e11b0a28,0x00000000e6b80000)
  from space 11264K, 92% used [0x00000000e7780000,0x00000000e81a2a30,0x00000000e8280000)
  to   space 12288K, 0% used [0x00000000e6b80000,0x00000000e6b80000,0x00000000e7780000)
 ParOldGen       total 56320K, used 9997K [0x00000000a0000000, 0x00000000a3700000, 0x00000000e0000000)
  object space 56320K, 17% used [0x00000000a0000000,0x00000000a09c3448,0x00000000a3700000)
 Metaspace       used 34670K, capacity 35414K, committed 35496K, reserved 1079296K
  class space    used 4570K, capacity 4810K, committed 4864K, reserved 1048576K
Event: 20.575 GC heap after
Heap after GC invocations=10 (full 1):
 PSYoungGen      total 122368K, used 7719K [0x00000000e0000000, 0x00000000eb180000, 0x0000000100000000)
  eden space 110080K, 0% used [0x00000000e0000000,0x00000000e0000000,0x00000000e6b80000)
  from space 12288K, 62% used [0x00000000e6b80000,0x00000000e7309d78,0x00000000e7780000)
  to   space 12288K, 0% used [0x00000000ea580000,0x00000000ea580000,0x00000000eb180000)
 ParOldGen       total 56320K, used 10005K [0x00000000a0000000, 0x00000000a3700000, 0x00000000e0000000)
  object space 56320K, 17% used [0x00000000a0000000,0x00000000a09c5448,0x00000000a3700000)
 Metaspace       used 34670K, capacity 35414K, committed 35496K, reserved 1079296K
  class space    used 4570K, capacity 4810K, committed 4864K, reserved 1048576K
}
Event: 20.575 GC heap before
{Heap before GC invocations=11 (full 2):
 PSYoungGen      total 122368K, used 7719K [0x00000000e0000000, 0x00000000eb180000, 0x0000000100000000)
  eden space 110080K, 0% used [0x00000000e0000000,0x00000000e0000000,0x00000000e6b80000)
  from space 12288K, 62% used [0x00000000e6b80000,0x00000000e7309d78,0x00000000e7780000)
  to   space 12288K, 0% used [0x00000000ea580000,0x00000000ea580000,0x00000000eb180000)
 ParOldGen       total 56320K, used 10005K [0x00000000a0000000, 0x00000000a3700000, 0x00000000e0000000)
  object space 56320K, 17% used [0x00000000a0000000,0x00000000a09c5448,0x00000000a3700000)
 Metaspace       used 34670K, capacity 35414K, committed 35496K, reserved 1079296K
  class space    used 4570K, capacity 4810K, committed 4864K, reserved 1048576K
Event: 20.652 GC heap after
Heap after GC invocations=11 (full 2):
 PSYoungGen      total 122368K, used 0K [0x00000000e0000000, 0x00000000eb180000, 0x0000000100000000)
  eden space 110080K, 0% used [0x00000000e0000000,0x00000000e0000000,0x00000000e6b80000)
  from space 12288K, 0% used [0x00000000e6b80000,0x00000000e6b80000,0x00000000e7780000)
  to   space 12288K, 0% used [0x00000000ea580000,0x00000000ea580000,0x00000000eb180000)
 ParOldGen       total 76800K, used 15141K [0x00000000a0000000, 0x00000000a4b00000, 0x00000000e0000000)
  object space 76800K, 19% used [0x00000000a0000000,0x00000000a0ec9690,0x00000000a4b00000)
 Metaspace       used 34624K, capacity 35310K, committed 35496K, reserved 1079296K
  class space    used 4559K, capacity 4798K, committed 4864K, reserved 1048576K
}

Deoptimization events (10 events):
Event: 18.020 Thread 0x0000000019989000 Uncommon trap: reason=predicate action=maybe_recompile pc=0x0000000002764474 method=groovyjarjarantlr.InputBuffer.syncConsume()V @ 7
Event: 18.132 Thread 0x0000000019989000 Uncommon trap: reason=unstable_if action=reinterpret pc=0x0000000002c5c6f8 method=java.io.BufferedInputStream.read([BII)I @ 56
Event: 18.142 Thread 0x0000000019989000 Uncommon trap: reason=unstable_if action=reinterpret pc=0x0000000002c5e19c method=sun.misc.MetaIndex.mayContain(Ljava/lang/String;)Z @ 38
Event: 18.173 Thread 0x0000000019989000 Uncommon trap: reason=unstable_if action=reinterpret pc=0x0000000002c564e8 method=sun.misc.MetaIndex.mayContain(Ljava/lang/String;)Z @ 38
Event: 19.627 Thread 0x0000000019989000 Uncommon trap: reason=unstable_if action=reinterpret pc=0x000000000288de4c method=groovyjarjarantlr.CharQueue.append(C)V @ 9
Event: 19.641 Thread 0x0000000019989000 Uncommon trap: reason=unstable_if action=reinterpret pc=0x000000000288b9d8 method=java.io.StringReader.read()I @ 19
Event: 20.157 Thread 0x0000000019989000 Uncommon trap: reason=unstable_if action=reinterpret pc=0x00000000027d52c8 method=org.objectweb.asm.ByteVector.putShort(I)Lorg/objectweb/asm/ByteVector; @ 13
Event: 20.274 Thread 0x0000000019989000 Uncommon trap: reason=unstable_if action=reinterpret pc=0x0000000002f12120 method=java.lang.ClassValue.match(Ljava/lang/ClassValue$Entry;)Z @ 12
Event: 21.333 Thread 0x0000000019989000 Uncommon trap: reason=unstable_if action=reinterpret pc=0x0000000002cb04b0 method=java.util.HashMap.putVal(ILjava/lang/Object;Ljava/lang/Object;ZZ)Ljava/lang/Object; @ 162
Event: 21.340 Thread 0x0000000019989000 Uncommon trap: reason=range_check action=make_not_entrant pc=0x0000000002ed32fc method=java.lang.String.charAt(I)C @ 27

Classes redefined (0 events):
No events

Internal exceptions (10 events):
Event: 21.613 Thread 0x0000000019989000 Exception <a 'java/lang/ClassNotFoundException': settings_2l138m4wd471sm0b74hr7713yBeanInfo> (0x00000000e0d06a18) thrown at [D:\src\AOSP-openjdk-cygwin\jdk8u\hotspot\src\share\vm\classfile\systemDictionary.cpp, line 210]
Event: 21.613 Thread 0x0000000019989000 Exception <a 'java/lang/ClassNotFoundException': org/gradle/initialization/SettingsScriptBeanInfo> (0x00000000e0d1db20) thrown at [D:\src\AOSP-openjdk-cygwin\jdk8u\hotspot\src\share\vm\classfile\systemDictionary.cpp, line 210]
Event: 21.614 Thread 0x0000000019989000 Exception <a 'java/lang/ClassNotFoundException': org/gradle/initialization/SettingsScriptCustomizer> (0x00000000e0d34ce0) thrown at [D:\src\AOSP-openjdk-cygwin\jdk8u\hotspot\src\share\vm\classfile\systemDictionary.cpp, line 210]
Event: 21.615 Thread 0x0000000019989000 Exception <a 'java/lang/ClassNotFoundException': settings_2l138m4wd471sm0b74hr7713yCustomizer> (0x00000000e0d49870) thrown at [D:\src\AOSP-openjdk-cygwin\jdk8u\hotspot\src\share\vm\classfile\systemDictionary.cpp, line 210]
Event: 21.626 Thread 0x0000000019989000 Exception <a 'java/lang/ClassNotFoundException': org/gradle/initialization/DefaultSettings_DecoratedBeanInfo> (0x00000000e0dd9bd8) thrown at [D:\src\AOSP-openjdk-cygwin\jdk8u\hotspot\src\share\vm\classfile\systemDictionary.cpp, line 210]
Event: 21.626 Thread 0x0000000019989000 Exception <a 'java/lang/ClassNotFoundException': org/gradle/initialization/DefaultSettingsBeanInfo> (0x00000000e0e09340) thrown at [D:\src\AOSP-openjdk-cygwin\jdk8u\hotspot\src\share\vm\classfile\systemDictionary.cpp, line 210]
Event: 21.627 Thread 0x0000000019989000 Exception <a 'java/lang/ClassNotFoundException': org/gradle/initialization/DefaultSettingsCustomizer> (0x00000000e0e3aba8) thrown at [D:\src\AOSP-openjdk-cygwin\jdk8u\hotspot\src\share\vm\classfile\systemDictionary.cpp, line 210]
Event: 21.630 Thread 0x0000000019989000 Exception <a 'java/lang/ClassNotFoundException': org/gradle/initialization/DefaultSettings_DecoratedCustomizer> (0x00000000e0ea9268) thrown at [D:\src\AOSP-openjdk-cygwin\jdk8u\hotspot\src\share\vm\classfile\systemDictionary.cpp, line 210]
Event: 21.634 Thread 0x0000000019989000 Exception <a 'java/lang/ClassNotFoundException': org/gradle/initialization/DefaultProjectDescriptorBeanInfo> (0x00000000e0f4e410) thrown at [D:\src\AOSP-openjdk-cygwin\jdk8u\hotspot\src\share\vm\classfile\systemDictionary.cpp, line 210]
Event: 21.635 Thread 0x0000000019989000 Exception <a 'java/lang/ClassNotFoundException': org/gradle/initialization/DefaultProjectDescriptorCustomizer> (0x00000000e0f82720) thrown at [D:\src\AOSP-openjdk-cygwin\jdk8u\hotspot\src\share\vm\classfile\systemDictionary.cpp, line 210]

Events (10 events):
Event: 21.815 loading class org/gradle/jvm/internal/toolchain/JavaToolChainInternal
Event: 21.815 loading class org/gradle/jvm/internal/toolchain/JavaToolChainInternal done
Event: 21.815 loading class org/gradle/jvm/toolchain/JavaToolChain
Event: 21.815 loading class org/gradle/jvm/toolchain/JavaToolChain done
Event: 21.815 loading class org/gradle/platform/base/ToolChain
Event: 21.815 loading class org/gradle/platform/base/ToolChain done
Event: 21.815 loading class org/gradle/platform/base/internal/toolchain/ToolChainInternal
Event: 21.815 loading class org/gradle/platform/base/internal/toolchain/ToolChainInternal done
Event: 21.816 loading class org/gradle/api/internal/tasks/compile/JavaCompilerFactory
Event: 21.816 loading class org/gradle/api/internal/tasks/compile/JavaCompilerFactory done


Dynamic libraries:
0x00007ff67a9d0000 - 0x00007ff67aa01000 	C:\Program Files\Android\Android Studio\jre\bin\java.exe
0x00007ff9e8c40000 - 0x00007ff9e8e30000 	C:\WINDOWS\SYSTEM32\ntdll.dll
0x00007ff9dc380000 - 0x00007ff9dc393000 	C:\Program Files\AVAST Software\Avast\aswhook.dll
0x00007ff9e7e10000 - 0x00007ff9e7ec2000 	C:\WINDOWS\System32\KERNEL32.DLL
0x00007ff9e6b00000 - 0x00007ff9e6da3000 	C:\WINDOWS\System32\KERNELBASE.dll
0x00007ff9e7bc0000 - 0x00007ff9e7c63000 	C:\WINDOWS\System32\ADVAPI32.dll
0x00007ff9e8ac0000 - 0x00007ff9e8b5e000 	C:\WINDOWS\System32\msvcrt.dll
0x00007ff9e8b60000 - 0x00007ff9e8bf7000 	C:\WINDOWS\System32\sechost.dll
0x00007ff9e7760000 - 0x00007ff9e7880000 	C:\WINDOWS\System32\RPCRT4.dll
0x00007ff9e8870000 - 0x00007ff9e8a04000 	C:\WINDOWS\System32\USER32.dll
0x00007ff9e5d30000 - 0x00007ff9e5d51000 	C:\WINDOWS\System32\win32u.dll
0x00007ff9e7ed0000 - 0x00007ff9e7ef6000 	C:\WINDOWS\System32\GDI32.dll
0x00007ff9e61e0000 - 0x00007ff9e6374000 	C:\WINDOWS\System32\gdi32full.dll
0x00007ff9e5ec0000 - 0x00007ff9e5f5e000 	C:\WINDOWS\System32\msvcp_win.dll
0x00007ff9e60b0000 - 0x00007ff9e61aa000 	C:\WINDOWS\System32\ucrtbase.dll
0x00007ff9daba0000 - 0x00007ff9dae25000 	C:\WINDOWS\WinSxS\amd64_microsoft.windows.common-controls_6595b64144ccf1df_6.0.18362.778_none_e6c6b761130d4fb8\COMCTL32.dll
0x00007ff9e7880000 - 0x00007ff9e7bb6000 	C:\WINDOWS\System32\combase.dll
0x00007ff9e5c90000 - 0x00007ff9e5d10000 	C:\WINDOWS\System32\bcryptPrimitives.dll
0x00007ff9e70c0000 - 0x00007ff9e70ee000 	C:\WINDOWS\System32\IMM32.DLL
0x000000006bee0000 - 0x000000006bfb2000 	C:\Program Files\Android\Android Studio\jre\jre\bin\msvcr100.dll
0x000000006bfc0000 - 0x000000006c806000 	C:\Program Files\Android\Android Studio\jre\jre\bin\server\jvm.dll
0x00007ff9e70f0000 - 0x00007ff9e70f8000 	C:\WINDOWS\System32\PSAPI.DLL
0x00007ff9d66c0000 - 0x00007ff9d66c9000 	C:\WINDOWS\SYSTEM32\WSOCK32.dll
0x00007ff9e76f0000 - 0x00007ff9e775f000 	C:\WINDOWS\System32\WS2_32.dll
0x00007ff9e1950000 - 0x00007ff9e1974000 	C:\WINDOWS\SYSTEM32\WINMM.dll
0x00007ff9e4bd0000 - 0x00007ff9e4bda000 	C:\WINDOWS\SYSTEM32\VERSION.dll
0x00007ff9e1920000 - 0x00007ff9e194d000 	C:\WINDOWS\SYSTEM32\WINMMBASE.dll
0x00007ff9e5d60000 - 0x00007ff9e5daa000 	C:\WINDOWS\System32\cfgmgr32.dll
0x00007ff9d8bb0000 - 0x00007ff9d8bbf000 	C:\Program Files\Android\Android Studio\jre\jre\bin\verify.dll
0x00007ff9c6b80000 - 0x00007ff9c6ba9000 	C:\Program Files\Android\Android Studio\jre\jre\bin\java.dll
0x00007ff9d0ac0000 - 0x00007ff9d0ad6000 	C:\Program Files\Android\Android Studio\jre\jre\bin\zip.dll
0x00007ff9e8180000 - 0x00007ff9e8865000 	C:\WINDOWS\System32\SHELL32.dll
0x00007ff9e8a10000 - 0x00007ff9e8ab9000 	C:\WINDOWS\System32\shcore.dll
0x00007ff9e6380000 - 0x00007ff9e6b00000 	C:\WINDOWS\System32\windows.storage.dll
0x00007ff9e5c40000 - 0x00007ff9e5c63000 	C:\WINDOWS\System32\profapi.dll
0x00007ff9e5bd0000 - 0x00007ff9e5c1a000 	C:\WINDOWS\System32\powrprof.dll
0x00007ff9e5bc0000 - 0x00007ff9e5bd0000 	C:\WINDOWS\System32\UMPDC.dll
0x00007ff9e6db0000 - 0x00007ff9e6e02000 	C:\WINDOWS\System32\shlwapi.dll
0x00007ff9e5c70000 - 0x00007ff9e5c81000 	C:\WINDOWS\System32\kernel.appcore.dll
0x00007ff9e5d10000 - 0x00007ff9e5d27000 	C:\WINDOWS\System32\cryptsp.dll
0x00007ff9d0260000 - 0x00007ff9d027a000 	C:\Program Files\Android\Android Studio\jre\jre\bin\net.dll
0x00007ff9d7d50000 - 0x00007ff9d7f25000 	C:\WINDOWS\SYSTEM32\urlmon.dll
0x00007ff9d88f0000 - 0x00007ff9d8b96000 	C:\WINDOWS\SYSTEM32\iertutil.dll
0x00007ff9e5600000 - 0x00007ff9e560c000 	C:\WINDOWS\SYSTEM32\CRYPTBASE.DLL
0x00007ff9e5430000 - 0x00007ff9e5497000 	C:\WINDOWS\system32\mswsock.dll
0x00007ff9cea30000 - 0x00007ff9cea43000 	C:\Program Files\Android\Android Studio\jre\jre\bin\nio.dll
0x00007ff9c5090000 - 0x00007ff9c50b6000 	C:\Users\user\.gradle\native\30\windows-amd64\native-platform.dll
0x00007ff9d6d60000 - 0x00007ff9d6d6d000 	C:\Program Files\Android\Android Studio\jre\jre\bin\management.dll
0x00007ff9e4fa0000 - 0x00007ff9e4fd3000 	C:\WINDOWS\system32\rsaenh.dll
0x00007ff9e61b0000 - 0x00007ff9e61d6000 	C:\WINDOWS\System32\bcrypt.dll
0x00007ff9e5ae0000 - 0x00007ff9e5b05000 	C:\WINDOWS\SYSTEM32\USERENV.dll
0x00007ff9e5140000 - 0x00007ff9e517a000 	C:\WINDOWS\SYSTEM32\IPHLPAPI.DLL
0x00007ff9e70b0000 - 0x00007ff9e70b8000 	C:\WINDOWS\System32\NSI.dll
0x00007ff9dc030000 - 0x00007ff9dc046000 	C:\WINDOWS\SYSTEM32\dhcpcsvc6.DLL
0x00007ff9dc010000 - 0x00007ff9dc02c000 	C:\WINDOWS\SYSTEM32\dhcpcsvc.DLL
0x00007ff9e5190000 - 0x00007ff9e525a000 	C:\WINDOWS\SYSTEM32\DNSAPI.dll

VM Arguments:
jvm_args: -Xmx1536m -Dfile.encoding=windows-1252 -Duser.country=US -Duser.language=en -Duser.variant 
java_command: org.gradle.launcher.daemon.bootstrap.GradleDaemon 5.6.4
java_class_path (initial): C:\Users\user\.gradle\wrapper\dists\gradle-5.6.4-all\ankdp27end7byghfw1q2sw75f\gradle-5.6.4\lib\gradle-launcher-5.6.4.jar
Launcher Type: SUN_STANDARD

Environment Variables:
PATH=C:\Program Files (x86)\NVIDIA Corporation\PhysX\Common;C:\Program Files (x86)\Common Files\Oracle\Java\javapath;C:\WINDOWS\system32;C:\WINDOWS;C:\WINDOWS\System32\Wbem;C:\WINDOWS\System32\WindowsPowerShell\v1.0\;C:\Program Files\Git\cmd;C:\Program Files (x86)\Intel\OpenCL SDK\2.0\bin\x86;C:\Program Files (x86)\Intel\OpenCL SDK\2.0\bin\x64;C:\WINDOWS\System32\OpenSSH\;C:\Program Files\Dart\dart-sdk\bin;C:\Users\user\AppData\Local\Microsoft\WindowsApps;
USERNAME=Noel
OS=Windows_NT
PROCESSOR_IDENTIFIER=Intel64 Family 6 Model 42 Stepping 7, GenuineIntel



---------------  S Y S T E M  ---------------

OS: Windows 10.0 , 64 bit Build 18362 (10.0.18362.778)

CPU:total 4 (initial active 4) (2 cores per cpu, 2 threads per core) family 6 model 42 stepping 7, cmov, cx8, fxsr, mmx, sse, sse2, sse3, ssse3, sse4.1, sse4.2, popcnt, avx, aes, clmul, ht, tsc, tscinvbit

Memory: 4k page, physical 8296812k(611544k free), swap 10250604k(5648k free)

vm_info: OpenJDK 64-Bit Server VM (25.212-b04) for windows-amd64 JRE (1.8.0_212-release-1586-b04), built by "builder" with MS VC++ 10.0 (VS2010)

time: Fri May 08 18:23:05 2020
timezone: W. Central Africa Standard Time
elapsed time: 21 seconds (0d 0h 0m 21s)

