#
# There is insufficient memory for the Java Runtime Environment to continue.
# Native memory allocation (malloc) failed to allocate 1284656 bytes for Chunk::new
# Possible reasons:
#   The system is out of physical RAM or swap space
#   The process is running with CompressedOops enabled, and the Java Heap may be blocking the growth of the native heap
# Possible solutions:
#   Reduce memory load on the system
#   Increase physical memory or swap space
#   Check if swap backing store is full
#   Decrease Java heap size (-Xmx/-Xms)
#   Decrease number of Java threads
#   Decrease Java thread stack sizes (-Xss)
#   Set larger code cache with -XX:ReservedCodeCacheSize=
#   JVM is running with Unscaled Compressed Oops mode in which the Java heap is
#     placed in the first 4GB address space. The Java Heap base address is the
#     maximum limit for the native heap growth. Please use -XX:HeapBaseMinAddress
#     to set the Java Heap base and to place the Java Heap above 4GB virtual address.
# This output file may be truncated or incomplete.
#
#  Out of Memory Error (allocation.cpp:389), pid=15464, tid=0x00000000000023ac
#
# JRE version: OpenJDK Runtime Environment (8.0_212-b04) (build 1.8.0_212-release-1586-b04)
# Java VM: OpenJDK 64-Bit Server VM (25.212-b04 mixed mode windows-amd64 compressed oops)
# Failed to write core dump. Minidumps are not enabled by default on client versions of Windows
#

---------------  T H R E A D  ---------------

Current thread (0x0000000014d40800):  JavaThread "C2 CompilerThread1" daemon [_thread_in_native, id=9132, stack(0x0000000016490000,0x0000000016590000)]

Stack: [0x0000000016490000,0x0000000016590000]
[error occurred during error reporting (printing stack bounds), id 0xc0000005]

Native frames: (J=compiled Java code, j=interpreted, Vv=VM code, C=native code)


Current CompileTask:
C2:  11314 4636   !   4       com.sun.beans.TypeResolver::resolve (274 bytes)


---------------  P R O C E S S  ---------------

Java Threads: ( => current thread )
  0x0000000016f3f800 JavaThread "Cache worker for Build Output Cleanup Cache (C:\Users\user\AndroidStudioProjects\HoverHackaton\.gradle\buildOutputCleanup)" [_thread_blocked, id=17096, stack(0x000000001fda0000,0x000000001fea0000)]
  0x0000000016f37000 JavaThread "Build operations Thread 4" [_thread_blocked, id=15892, stack(0x000000001f6a0000,0x000000001f7a0000)]
  0x0000000016f3e000 JavaThread "Build operations Thread 3" [_thread_blocked, id=16616, stack(0x000000001f5a0000,0x000000001f6a0000)]
  0x0000000016f38800 JavaThread "Build operations Thread 2" [_thread_blocked, id=7148, stack(0x000000001f4a0000,0x000000001f5a0000)]
  0x0000000016f36000 JavaThread "Build operations" [_thread_blocked, id=11356, stack(0x000000001eef0000,0x000000001eff0000)]
  0x0000000016f37800 JavaThread "Cache worker for execution history cache (C:\Users\user\.gradle\caches\5.6.4\executionHistory)" [_thread_blocked, id=6736, stack(0x000000001e9f0000,0x000000001eaf0000)]
  0x0000000016f3c000 JavaThread "Cache worker for cache directory md-rule (C:\Users\user\.gradle\caches\5.6.4\md-rule)" [_thread_blocked, id=10236, stack(0x000000001e8f0000,0x000000001e9f0000)]
  0x0000000016f35800 JavaThread "Cache worker for cache directory md-supplier (C:\Users\user\.gradle\caches\5.6.4\md-supplier)" [_thread_blocked, id=13372, stack(0x000000001e7f0000,0x000000001e8f0000)]
  0x0000000017789800 JavaThread "Cache worker for file hash cache (C:\Users\user\AndroidStudioProjects\HoverHackaton\.gradle\5.6.4\fileHashes)" [_thread_blocked, id=11328, stack(0x000000001acb0000,0x000000001adb0000)]
  0x0000000017788800 JavaThread "Cache worker for journal cache (C:\Users\user\.gradle\caches\journal-1)" [_thread_blocked, id=632, stack(0x000000001a8b0000,0x000000001a9b0000)]
  0x000000001778b800 JavaThread "File lock request listener" [_thread_in_native, id=15432, stack(0x000000001a7b0000,0x000000001a8b0000)]
  0x000000001778b000 JavaThread "Cache worker for file hash cache (C:\Users\user\.gradle\caches\5.6.4\fileHashes)" [_thread_blocked, id=10888, stack(0x000000001a6b0000,0x000000001a7b0000)]
  0x00000000185ee000 JavaThread "Thread-9" [_thread_blocked, id=5116, stack(0x000000001a5b0000,0x000000001a6b0000)]
  0x0000000018681800 JavaThread "Stdin handler" [_thread_blocked, id=11944, stack(0x000000001a4b0000,0x000000001a5b0000)]
  0x0000000018663800 JavaThread "Asynchronous log dispatcher for DefaultDaemonConnection: socket connection from /127.0.0.1:60169 to /127.0.0.1:60170" [_thread_blocked, id=16220, stack(0x000000001a3b0000,0x000000001a4b0000)]
  0x00000000185fc000 JavaThread "Daemon worker" [_thread_in_vm, id=3272, stack(0x000000001a2b0000,0x000000001a3b0000)]
  0x00000000185fb800 JavaThread "Cancel handler" [_thread_blocked, id=2664, stack(0x000000001a1b0000,0x000000001a2b0000)]
  0x00000000185b7800 JavaThread "Handler for socket connection from /127.0.0.1:60169 to /127.0.0.1:60170" [_thread_in_native, id=11136, stack(0x0000000019eb0000,0x0000000019fb0000)]
  0x0000000016cd4000 JavaThread "Daemon" [_thread_blocked, id=15620, stack(0x0000000019db0000,0x0000000019eb0000)]
  0x0000000016cc9800 JavaThread "Daemon periodic checks" [_thread_blocked, id=15200, stack(0x0000000019cb0000,0x0000000019db0000)]
  0x0000000016cc8800 JavaThread "Incoming local TCP Connector on port 60169" [_thread_in_native, id=15772, stack(0x0000000019a70000,0x0000000019b70000)]
  0x00000000168d4000 JavaThread "Daemon health stats" [_thread_blocked, id=12888, stack(0x0000000019430000,0x0000000019530000)]
  0x0000000014d9e800 JavaThread "Service Thread" daemon [_thread_blocked, id=5300, stack(0x0000000016a90000,0x0000000016b90000)]
  0x0000000014d4e800 JavaThread "C1 CompilerThread2" daemon [_thread_blocked, id=16748, stack(0x0000000016590000,0x0000000016690000)]
=>0x0000000014d40800 JavaThread "C2 CompilerThread1" daemon [_thread_in_native, id=9132, stack(0x0000000016490000,0x0000000016590000)]
  0x0000000014d3d800 JavaThread "C2 CompilerThread0" daemon [_thread_in_native_trans, id=11400, stack(0x0000000016390000,0x0000000016490000)]
  0x0000000014d3b000 JavaThread "Attach Listener" daemon [_thread_blocked, id=9084, stack(0x0000000016290000,0x0000000016390000)]
  0x0000000014d39800 JavaThread "Signal Dispatcher" daemon [_thread_blocked, id=10256, stack(0x0000000016190000,0x0000000016290000)]
  0x000000000266c000 JavaThread "Finalizer" daemon [_thread_blocked, id=4192, stack(0x0000000015f90000,0x0000000016090000)]
  0x0000000014d29000 JavaThread "Reference Handler" daemon [_thread_blocked, id=8512, stack(0x0000000015e90000,0x0000000015f90000)]
  0x000000000243d800 JavaThread "main" [_thread_blocked, id=12336, stack(0x0000000002470000,0x0000000002570000)]

Other Threads:
  0x0000000014d08000 VMThread [stack: 0x0000000015d90000,0x0000000015e90000] [id=7096]
  0x0000000016699800 WatcherThread [stack: 0x0000000016b90000,0x0000000016c90000] [id=13028]

VM state:not at safepoint (normal execution)

VM Mutex/Monitor currently owned by a thread: None

heap address: 0x00000000c0000000, size: 1024 MB, Compressed Oops mode: 32-bit
Narrow klass base: 0x0000000000000000, Narrow klass shift: 3
Compressed class space size: 1073741824 Address: 0x0000000100000000

Heap:
 PSYoungGen      total 144896K, used 105451K [0x00000000eab00000, 0x00000000f5880000, 0x0000000100000000)
  eden space 131584K, 70% used [0x00000000eab00000,0x00000000f04fc690,0x00000000f2b80000)
  from space 13312K, 99% used [0x00000000f4b80000,0x00000000f587e918,0x00000000f5880000)
  to   space 15360K, 0% used [0x00000000f3a80000,0x00000000f3a80000,0x00000000f4980000)
 ParOldGen       total 59904K, used 20631K [0x00000000c0000000, 0x00000000c3a80000, 0x00000000eab00000)
  object space 59904K, 34% used [0x00000000c0000000,0x00000000c1425cb8,0x00000000c3a80000)
 Metaspace       used 51574K, capacity 53310K, committed 53544K, reserved 1095680K
  class space    used 6931K, capacity 7357K, committed 7464K, reserved 1048576K

Card table byte_map: [0x0000000011a30000,0x0000000011c40000] byte_map_base: 0x0000000011430000

Marking Bits: (ParMarkBitMap*) 0x000000006c789f30
 Begin Bits: [0x00000000121a0000, 0x00000000131a0000)
 End Bits:   [0x00000000131a0000, 0x00000000141a0000)

Polling page: 0x0000000002360000

CodeCache: size=245760Kb used=15156Kb max_used=15169Kb free=230603Kb
 bounds [0x0000000002670000, 0x0000000003550000, 0x0000000011670000]
 total_blobs=5235 nmethods=4468 adapters=680
 compilation: enabled

Compilation events (10 events):
Event: 11.275 Thread 0x0000000014d4e800 4861       1       org.gradle.api.internal.DefaultNamedDomainObjectCollection$AbstractNamedDomainObjectProvider::getType (5 bytes)
Event: 11.275 Thread 0x0000000014d4e800 nmethod 4861 0x0000000003545650 code [0x00000000035457a0, 0x00000000035458b0]
Event: 11.302 Thread 0x0000000014d4e800 4862       3       org.gradle.api.internal.tasks.DefaultTaskContainer_Decorated::getEventRegister (37 bytes)
Event: 11.303 Thread 0x0000000014d4e800 nmethod 4862 0x0000000003545910 code [0x0000000003545ae0, 0x0000000003546268]
Event: 11.303 Thread 0x0000000014d4e800 4863       3       org.gradle.api.internal.provider.Providers::internal (8 bytes)
Event: 11.304 Thread 0x0000000014d4e800 nmethod 4863 0x0000000003546510 code [0x0000000003546680, 0x0000000003546910]
Event: 11.308 Thread 0x0000000014d3d800 4864   !   4       java.util.concurrent.ConcurrentHashMap::replaceNode (416 bytes)
Event: 11.311 Thread 0x0000000014d4e800 4866       3       org.gradle.api.internal.provider.AbstractProperty::<init> (12 bytes)
Event: 11.312 Thread 0x0000000014d4e800 nmethod 4866 0x00000000035469d0 code [0x0000000003546b40, 0x0000000003546d70]
Event: 11.312 Thread 0x0000000014d4e800 4867       3       org.gradle.api.internal.provider.ValueSanitizers::forType (29 bytes)

GC Heap History (10 events):
Event: 6.144 GC heap before
{Heap before GC invocations=8 (full 1):
 PSYoungGen      total 76288K, used 65536K [0x00000000eab00000, 0x00000000f0300000, 0x0000000100000000)
  eden space 65536K, 100% used [0x00000000eab00000,0x00000000eeb00000,0x00000000eeb00000)
  from space 10752K, 0% used [0x00000000ef680000,0x00000000ef680000,0x00000000f0100000)
  to   space 11776K, 0% used [0x00000000eeb00000,0x00000000eeb00000,0x00000000ef680000)
 ParOldGen       total 59904K, used 9914K [0x00000000c0000000, 0x00000000c3a80000, 0x00000000eab00000)
  object space 59904K, 16% used [0x00000000c0000000,0x00000000c09aebf8,0x00000000c3a80000)
 Metaspace       used 28184K, capacity 28734K, committed 28928K, reserved 1075200K
  class space    used 3856K, capacity 4042K, committed 4096K, reserved 1048576K
Event: 6.155 GC heap after
Heap after GC invocations=8 (full 1):
 PSYoungGen      total 77312K, used 7453K [0x00000000eab00000, 0x00000000f2880000, 0x0000000100000000)
  eden space 65536K, 0% used [0x00000000eab00000,0x00000000eab00000,0x00000000eeb00000)
  from space 11776K, 63% used [0x00000000eeb00000,0x00000000ef247618,0x00000000ef680000)
  to   space 11264K, 0% used [0x00000000f1d80000,0x00000000f1d80000,0x00000000f2880000)
 ParOldGen       total 59904K, used 9922K [0x00000000c0000000, 0x00000000c3a80000, 0x00000000eab00000)
  object space 59904K, 16% used [0x00000000c0000000,0x00000000c09b0bf8,0x00000000c3a80000)
 Metaspace       used 28184K, capacity 28734K, committed 28928K, reserved 1075200K
  class space    used 3856K, capacity 4042K, committed 4096K, reserved 1048576K
}
Event: 7.109 GC heap before
{Heap before GC invocations=9 (full 1):
 PSYoungGen      total 77312K, used 72989K [0x00000000eab00000, 0x00000000f2880000, 0x0000000100000000)
  eden space 65536K, 100% used [0x00000000eab00000,0x00000000eeb00000,0x00000000eeb00000)
  from space 11776K, 63% used [0x00000000eeb00000,0x00000000ef247618,0x00000000ef680000)
  to   space 11264K, 0% used [0x00000000f1d80000,0x00000000f1d80000,0x00000000f2880000)
 ParOldGen       total 59904K, used 9922K [0x00000000c0000000, 0x00000000c3a80000, 0x00000000eab00000)
  object space 59904K, 16% used [0x00000000c0000000,0x00000000c09b0bf8,0x00000000c3a80000)
 Metaspace       used 32024K, capacity 32798K, committed 33024K, reserved 1077248K
  class space    used 4327K, capacity 4553K, committed 4608K, reserved 1048576K
Event: 7.129 GC heap after
Heap after GC invocations=9 (full 1):
 PSYoungGen      total 116736K, used 9103K [0x00000000eab00000, 0x00000000f2b80000, 0x0000000100000000)
  eden space 105472K, 0% used [0x00000000eab00000,0x00000000eab00000,0x00000000f1200000)
  from space 11264K, 80% used [0x00000000f1d80000,0x00000000f2663f68,0x00000000f2880000)
  to   space 11776K, 0% used [0x00000000f1200000,0x00000000f1200000,0x00000000f1d80000)
 ParOldGen       total 59904K, used 9930K [0x00000000c0000000, 0x00000000c3a80000, 0x00000000eab00000)
  object space 59904K, 16% used [0x00000000c0000000,0x00000000c09b2bf8,0x00000000c3a80000)
 Metaspace       used 32024K, capacity 32798K, committed 33024K, reserved 1077248K
  class space    used 4327K, capacity 4553K, committed 4608K, reserved 1048576K
}
Event: 7.836 GC heap before
{Heap before GC invocations=10 (full 1):
 PSYoungGen      total 116736K, used 71321K [0x00000000eab00000, 0x00000000f2b80000, 0x0000000100000000)
  eden space 105472K, 58% used [0x00000000eab00000,0x00000000ee7c2680,0x00000000f1200000)
  from space 11264K, 80% used [0x00000000f1d80000,0x00000000f2663f68,0x00000000f2880000)
  to   space 11776K, 0% used [0x00000000f1200000,0x00000000f1200000,0x00000000f1d80000)
 ParOldGen       total 59904K, used 9930K [0x00000000c0000000, 0x00000000c3a80000, 0x00000000eab00000)
  object space 59904K, 16% used [0x00000000c0000000,0x00000000c09b2bf8,0x00000000c3a80000)
 Metaspace       used 34659K, capacity 35430K, committed 35496K, reserved 1079296K
  class space    used 4764K, capacity 4996K, committed 5032K, reserved 1048576K
Event: 7.867 GC heap after
Heap after GC invocations=10 (full 1):
 PSYoungGen      total 117248K, used 11673K [0x00000000eab00000, 0x00000000f5880000, 0x0000000100000000)
  eden space 105472K, 0% used [0x00000000eab00000,0x00000000eab00000,0x00000000f1200000)
  from space 11776K, 99% used [0x00000000f1200000,0x00000000f1d665c0,0x00000000f1d80000)
  to   space 13312K, 0% used [0x00000000f4b80000,0x00000000f4b80000,0x00000000f5880000)
 ParOldGen       total 59904K, used 9938K [0x00000000c0000000, 0x00000000c3a80000, 0x00000000eab00000)
  object space 59904K, 16% used [0x00000000c0000000,0x00000000c09b4bf8,0x00000000c3a80000)
 Metaspace       used 34659K, capacity 35430K, committed 35496K, reserved 1079296K
  class space    used 4764K, capacity 4996K, committed 5032K, reserved 1048576K
}
Event: 7.867 GC heap before
{Heap before GC invocations=11 (full 2):
 PSYoungGen      total 117248K, used 11673K [0x00000000eab00000, 0x00000000f5880000, 0x0000000100000000)
  eden space 105472K, 0% used [0x00000000eab00000,0x00000000eab00000,0x00000000f1200000)
  from space 11776K, 99% used [0x00000000f1200000,0x00000000f1d665c0,0x00000000f1d80000)
  to   space 13312K, 0% used [0x00000000f4b80000,0x00000000f4b80000,0x00000000f5880000)
 ParOldGen       total 59904K, used 9938K [0x00000000c0000000, 0x00000000c3a80000, 0x00000000eab00000)
  object space 59904K, 16% used [0x00000000c0000000,0x00000000c09b4bf8,0x00000000c3a80000)
 Metaspace       used 34659K, capacity 35430K, committed 35496K, reserved 1079296K
  class space    used 4764K, capacity 4996K, committed 5032K, reserved 1048576K
Event: 7.998 GC heap after
Heap after GC invocations=11 (full 2):
 PSYoungGen      total 117248K, used 0K [0x00000000eab00000, 0x00000000f5880000, 0x0000000100000000)
  eden space 105472K, 0% used [0x00000000eab00000,0x00000000eab00000,0x00000000f1200000)
  from space 11776K, 0% used [0x00000000f1200000,0x00000000f1200000,0x00000000f1d80000)
  to   space 13312K, 0% used [0x00000000f4b80000,0x00000000f4b80000,0x00000000f5880000)
 ParOldGen       total 59904K, used 19064K [0x00000000c0000000, 0x00000000c3a80000, 0x00000000eab00000)
  object space 59904K, 31% used [0x00000000c0000000,0x00000000c129e170,0x00000000c3a80000)
 Metaspace       used 34659K, capacity 35430K, committed 35496K, reserved 1079296K
  class space    used 4764K, capacity 4996K, committed 5032K, reserved 1048576K
}
Event: 9.756 GC heap before
{Heap before GC invocations=12 (full 2):
 PSYoungGen      total 117248K, used 105472K [0x00000000eab00000, 0x00000000f5880000, 0x0000000100000000)
  eden space 105472K, 100% used [0x00000000eab00000,0x00000000f1200000,0x00000000f1200000)
  from space 11776K, 0% used [0x00000000f1200000,0x00000000f1200000,0x00000000f1d80000)
  to   space 13312K, 0% used [0x00000000f4b80000,0x00000000f4b80000,0x00000000f5880000)
 ParOldGen       total 59904K, used 19064K [0x00000000c0000000, 0x00000000c3a80000, 0x00000000eab00000)
  object space 59904K, 31% used [0x00000000c0000000,0x00000000c129e170,0x00000000c3a80000)
 Metaspace       used 43845K, capacity 45108K, committed 45224K, reserved 1087488K
  class space    used 5912K, capacity 6207K, committed 6312K, reserved 1048576K
Event: 9.777 GC heap after
Heap after GC invocations=12 (full 2):
 PSYoungGen      total 144896K, used 13306K [0x00000000eab00000, 0x00000000f5880000, 0x0000000100000000)
  eden space 131584K, 0% used [0x00000000eab00000,0x00000000eab00000,0x00000000f2b80000)
  from space 13312K, 99% used [0x00000000f4b80000,0x00000000f587e918,0x00000000f5880000)
  to   space 15360K, 0% used [0x00000000f3a80000,0x00000000f3a80000,0x00000000f4980000)
 ParOldGen       total 59904K, used 20631K [0x00000000c0000000, 0x00000000c3a80000, 0x00000000eab00000)
  object space 59904K, 34% used [0x00000000c0000000,0x00000000c1425cb8,0x00000000c3a80000)
 Metaspace       used 43845K, capacity 45108K, committed 45224K, reserved 1087488K
  class space    used 5912K, capacity 6207K, committed 6312K, reserved 1048576K
}

Deoptimization events (10 events):
Event: 9.867 Thread 0x00000000185fc000 Uncommon trap: reason=unstable_if action=reinterpret pc=0x0000000002f54c20 method=org.objectweb.asm.ByteVector.putUTF8(Ljava/lang/String;)Lorg/objectweb/asm/ByteVector; @ 93
Event: 9.986 Thread 0x00000000185fc000 Uncommon trap: reason=unstable_if action=reinterpret pc=0x0000000002ed4e30 method=org.objectweb.asm.ByteVector.putUTF8(Ljava/lang/String;)Lorg/objectweb/asm/ByteVector; @ 93
Event: 10.383 Thread 0x00000000185fc000 Uncommon trap: reason=unstable_if action=reinterpret pc=0x000000000324d8f0 method=org.gradle.internal.reflect.PropertyAccessorType.of(Ljava/lang/reflect/Method;)Lorg/gradle/internal/reflect/PropertyAccessorType; @ 56
Event: 10.608 Thread 0x00000000185fc000 Uncommon trap: reason=speculate_class_check action=maybe_recompile pc=0x00000000030cd7e8 method=com.google.common.collect.AbstractIndexedListIterator.next()Ljava/lang/Object; @ 27
Event: 10.608 Thread 0x00000000185fc000 Uncommon trap: reason=speculate_class_check action=maybe_recompile pc=0x00000000030cd7e8 method=com.google.common.collect.AbstractIndexedListIterator.next()Ljava/lang/Object; @ 27
Event: 10.608 Thread 0x00000000185fc000 Uncommon trap: reason=speculate_class_check action=maybe_recompile pc=0x00000000030cd7e8 method=com.google.common.collect.AbstractIndexedListIterator.next()Ljava/lang/Object; @ 27
Event: 10.608 Thread 0x00000000185fc000 Uncommon trap: reason=speculate_class_check action=maybe_recompile pc=0x00000000030cd7e8 method=com.google.common.collect.AbstractIndexedListIterator.next()Ljava/lang/Object; @ 27
Event: 10.701 Thread 0x00000000185fc000 Uncommon trap: reason=unstable_if action=reinterpret pc=0x0000000002e967a4 method=java.lang.String.lastIndexOf([CII[CIII)I @ 17
Event: 10.701 Thread 0x00000000185fc000 Uncommon trap: reason=unstable_if action=reinterpret pc=0x0000000002e7d54c method=sun.net.www.protocol.jar.Handler.parseURL(Ljava/net/URL;Ljava/lang/String;II)V @ 94
Event: 10.713 Thread 0x00000000185fc000 Uncommon trap: reason=unstable_if action=reinterpret pc=0x0000000003226028 method=java.util.concurrent.ConcurrentHashMap.putVal(Ljava/lang/Object;Ljava/lang/Object;Z)Ljava/lang/Object; @ 195

Classes redefined (0 events):
No events

Internal exceptions (10 events):
Event: 10.881 Thread 0x00000000185fc000 Exception <a 'java/lang/ClassNotFoundException': org/gradle/api/internal/file/collections/DefaultConfigurableFileTreeCustomizer> (0x00000000eeec3388) thrown at [D:\src\AOSP-openjdk-cygwin\jdk8u\hotspot\src\share\vm\classfile\systemDictionary.cpp, line 210
Event: 10.887 Thread 0x00000000185fc000 Exception <a 'java/lang/ClassNotFoundException': org/gradle/api/plugins/internal/DefaultBasePluginConventionBeanInfo> (0x00000000eef79500) thrown at [D:\src\AOSP-openjdk-cygwin\jdk8u\hotspot\src\share\vm\classfile\systemDictionary.cpp, line 210]
Event: 10.889 Thread 0x00000000185fc000 Exception <a 'java/lang/ClassNotFoundException': org/gradle/api/plugins/BasePluginConventionBeanInfo> (0x00000000eefc45a8) thrown at [D:\src\AOSP-openjdk-cygwin\jdk8u\hotspot\src\share\vm\classfile\systemDictionary.cpp, line 210]
Event: 10.890 Thread 0x00000000185fc000 Exception <a 'java/lang/ClassNotFoundException': org/gradle/api/plugins/BasePluginConventionCustomizer> (0x00000000ef010988) thrown at [D:\src\AOSP-openjdk-cygwin\jdk8u\hotspot\src\share\vm\classfile\systemDictionary.cpp, line 210]
Event: 10.892 Thread 0x00000000185fc000 Exception <a 'java/lang/ClassNotFoundException': org/gradle/api/plugins/internal/DefaultBasePluginConventionCustomizer> (0x00000000ef07d998) thrown at [D:\src\AOSP-openjdk-cygwin\jdk8u\hotspot\src\share\vm\classfile\systemDictionary.cpp, line 210]
Event: 10.897 Thread 0x00000000185fc000 Exception <a 'java/lang/ClassNotFoundException': org/gradle/api/plugins/internal/DefaultJavaPluginConventionBeanInfo> (0x00000000ef124cd0) thrown at [D:\src\AOSP-openjdk-cygwin\jdk8u\hotspot\src\share\vm\classfile\systemDictionary.cpp, line 210]
Event: 10.898 Thread 0x00000000185fc000 Exception <a 'java/lang/ClassNotFoundException': org/gradle/api/plugins/JavaPluginConventionBeanInfo> (0x00000000ef16fca8) thrown at [D:\src\AOSP-openjdk-cygwin\jdk8u\hotspot\src\share\vm\classfile\systemDictionary.cpp, line 210]
Event: 10.900 Thread 0x00000000185fc000 Exception <a 'java/lang/ClassNotFoundException': org/gradle/api/plugins/JavaPluginConventionCustomizer> (0x00000000ef1bc088) thrown at [D:\src\AOSP-openjdk-cygwin\jdk8u\hotspot\src\share\vm\classfile\systemDictionary.cpp, line 210]
Event: 10.903 Thread 0x00000000185fc000 Exception <a 'java/lang/ClassNotFoundException': org/gradle/api/plugins/internal/DefaultJavaPluginConventionCustomizer> (0x00000000ef235118) thrown at [D:\src\AOSP-openjdk-cygwin\jdk8u\hotspot\src\share\vm\classfile\systemDictionary.cpp, line 210]
Event: 11.154 Thread 0x00000000185fc000 Exception <a 'java/lang/NoSuchMethodError': java.lang.Object.lambda$comparingInt$7b0bb60$1(Ljava/util/function/ToIntFunction;Ljava/lang/Object;Ljava/lang/Object;)I> (0x00000000efc70f50) thrown at [D:\src\AOSP-openjdk-cygwin\jdk8u\hotspot\src\share\vm\inte

Events (10 events):
Event: 11.305 loading class com/android/build/gradle/internal/res/LinkApplicationAndroidResourcesTask
Event: 11.305 loading class com/android/build/gradle/internal/res/LinkApplicationAndroidResourcesTask done
Event: 11.307 loading class com/android/build/gradle/tasks/ProcessAndroidResources
Event: 11.307 loading class com/android/build/gradle/tasks/ProcessAndroidResources done
Event: 11.308 loading class com/android/build/gradle/internal/res/LinkApplicationAndroidResourcesTask$BaseCreationAction$handleProvider$1
Event: 11.308 loading class com/android/build/gradle/internal/res/LinkApplicationAndroidResourcesTask$BaseCreationAction$handleProvider$1 done
Event: 11.310 loading class com/android/build/gradle/internal/res/LinkApplicationAndroidResourcesTask$Companion
Event: 11.310 loading class com/android/build/gradle/internal/res/LinkApplicationAndroidResourcesTask$Companion done
Event: 11.311 loading class com/android/build/gradle/internal/res/LinkApplicationAndroidResourcesTask$CreationAction$handleProvider$2
Event: 11.311 loading class com/android/build/gradle/internal/res/LinkApplicationAndroidResourcesTask$CreationAction$handleProvider$2 done


Dynamic libraries:
0x00007ff67a9d0000 - 0x00007ff67aa01000 	C:\Program Files\Android\Android Studio\jre\bin\java.exe
0x00007ff9e8c40000 - 0x00007ff9e8e30000 	C:\WINDOWS\SYSTEM32\ntdll.dll
0x00007ff9dc380000 - 0x00007ff9dc393000 	C:\Program Files\AVAST Software\Avast\aswhook.dll
0x00007ff9e7e10000 - 0x00007ff9e7ec2000 	C:\WINDOWS\System32\KERNEL32.DLL
0x00007ff9e6b00000 - 0x00007ff9e6da3000 	C:\WINDOWS\System32\KERNELBASE.dll
0x00007ff9e7bc0000 - 0x00007ff9e7c63000 	C:\WINDOWS\System32\ADVAPI32.dll
0x00007ff9e8ac0000 - 0x00007ff9e8b5e000 	C:\WINDOWS\System32\msvcrt.dll
0x00007ff9e8b60000 - 0x00007ff9e8bf7000 	C:\WINDOWS\System32\sechost.dll
0x00007ff9e7760000 - 0x00007ff9e7880000 	C:\WINDOWS\System32\RPCRT4.dll
0x00007ff9e8870000 - 0x00007ff9e8a04000 	C:\WINDOWS\System32\USER32.dll
0x00007ff9e5d30000 - 0x00007ff9e5d51000 	C:\WINDOWS\System32\win32u.dll
0x00007ff9e7ed0000 - 0x00007ff9e7ef6000 	C:\WINDOWS\System32\GDI32.dll
0x00007ff9e61e0000 - 0x00007ff9e6374000 	C:\WINDOWS\System32\gdi32full.dll
0x00007ff9e5ec0000 - 0x00007ff9e5f5e000 	C:\WINDOWS\System32\msvcp_win.dll
0x00007ff9e60b0000 - 0x00007ff9e61aa000 	C:\WINDOWS\System32\ucrtbase.dll
0x00007ff9daba0000 - 0x00007ff9dae25000 	C:\WINDOWS\WinSxS\amd64_microsoft.windows.common-controls_6595b64144ccf1df_6.0.18362.778_none_e6c6b761130d4fb8\COMCTL32.dll
0x00007ff9e7880000 - 0x00007ff9e7bb6000 	C:\WINDOWS\System32\combase.dll
0x00007ff9e5c90000 - 0x00007ff9e5d10000 	C:\WINDOWS\System32\bcryptPrimitives.dll
0x00007ff9e70c0000 - 0x00007ff9e70ee000 	C:\WINDOWS\System32\IMM32.DLL
0x000000006bee0000 - 0x000000006bfb2000 	C:\Program Files\Android\Android Studio\jre\jre\bin\msvcr100.dll
0x000000006bfc0000 - 0x000000006c806000 	C:\Program Files\Android\Android Studio\jre\jre\bin\server\jvm.dll
0x00007ff9e70f0000 - 0x00007ff9e70f8000 	C:\WINDOWS\System32\PSAPI.DLL
0x00007ff9d66c0000 - 0x00007ff9d66c9000 	C:\WINDOWS\SYSTEM32\WSOCK32.dll
0x00007ff9e76f0000 - 0x00007ff9e775f000 	C:\WINDOWS\System32\WS2_32.dll
0x00007ff9e1950000 - 0x00007ff9e1974000 	C:\WINDOWS\SYSTEM32\WINMM.dll
0x00007ff9e4bd0000 - 0x00007ff9e4bda000 	C:\WINDOWS\SYSTEM32\VERSION.dll
0x00007ff9e1920000 - 0x00007ff9e194d000 	C:\WINDOWS\SYSTEM32\WINMMBASE.dll
0x00007ff9e5d60000 - 0x00007ff9e5daa000 	C:\WINDOWS\System32\cfgmgr32.dll
0x00007ff9d8bb0000 - 0x00007ff9d8bbf000 	C:\Program Files\Android\Android Studio\jre\jre\bin\verify.dll
0x00007ff9c6b80000 - 0x00007ff9c6ba9000 	C:\Program Files\Android\Android Studio\jre\jre\bin\java.dll
0x00007ff9d0ac0000 - 0x00007ff9d0ad6000 	C:\Program Files\Android\Android Studio\jre\jre\bin\zip.dll
0x00007ff9e8180000 - 0x00007ff9e8865000 	C:\WINDOWS\System32\SHELL32.dll
0x00007ff9e8a10000 - 0x00007ff9e8ab9000 	C:\WINDOWS\System32\shcore.dll
0x00007ff9e6380000 - 0x00007ff9e6b00000 	C:\WINDOWS\System32\windows.storage.dll
0x00007ff9e5c40000 - 0x00007ff9e5c63000 	C:\WINDOWS\System32\profapi.dll
0x00007ff9e5bd0000 - 0x00007ff9e5c1a000 	C:\WINDOWS\System32\powrprof.dll
0x00007ff9e5bc0000 - 0x00007ff9e5bd0000 	C:\WINDOWS\System32\UMPDC.dll
0x00007ff9e6db0000 - 0x00007ff9e6e02000 	C:\WINDOWS\System32\shlwapi.dll
0x00007ff9e5c70000 - 0x00007ff9e5c81000 	C:\WINDOWS\System32\kernel.appcore.dll
0x00007ff9e5d10000 - 0x00007ff9e5d27000 	C:\WINDOWS\System32\cryptsp.dll
0x00007ff9d0260000 - 0x00007ff9d027a000 	C:\Program Files\Android\Android Studio\jre\jre\bin\net.dll
0x00007ff9d7d50000 - 0x00007ff9d7f25000 	C:\WINDOWS\SYSTEM32\urlmon.dll
0x00007ff9d88f0000 - 0x00007ff9d8b96000 	C:\WINDOWS\SYSTEM32\iertutil.dll
0x00007ff9e5600000 - 0x00007ff9e560c000 	C:\WINDOWS\SYSTEM32\CRYPTBASE.DLL
0x00007ff9e5430000 - 0x00007ff9e5497000 	C:\WINDOWS\system32\mswsock.dll
0x00007ff9cea30000 - 0x00007ff9cea43000 	C:\Program Files\Android\Android Studio\jre\jre\bin\nio.dll
0x00007ff9c5090000 - 0x00007ff9c50b6000 	C:\Users\user\.gradle\native\30\windows-amd64\native-platform.dll
0x00007ff9d6d60000 - 0x00007ff9d6d6d000 	C:\Program Files\Android\Android Studio\jre\jre\bin\management.dll
0x00007ff9e4fa0000 - 0x00007ff9e4fd3000 	C:\WINDOWS\system32\rsaenh.dll
0x00007ff9e61b0000 - 0x00007ff9e61d6000 	C:\WINDOWS\System32\bcrypt.dll
0x00007ff9e5ae0000 - 0x00007ff9e5b05000 	C:\WINDOWS\SYSTEM32\USERENV.dll
0x00007ff9e5140000 - 0x00007ff9e517a000 	C:\WINDOWS\SYSTEM32\IPHLPAPI.DLL
0x00007ff9e70b0000 - 0x00007ff9e70b8000 	C:\WINDOWS\System32\NSI.dll
0x00007ff9dc030000 - 0x00007ff9dc046000 	C:\WINDOWS\SYSTEM32\dhcpcsvc6.DLL
0x00007ff9dc010000 - 0x00007ff9dc02c000 	C:\WINDOWS\SYSTEM32\dhcpcsvc.DLL
0x00007ff9e5190000 - 0x00007ff9e525a000 	C:\WINDOWS\SYSTEM32\DNSAPI.dll

VM Arguments:
jvm_args: -Xmx1024m -Dfile.encoding=windows-1252 -Duser.country=US -Duser.language=en -Duser.variant 
java_command: org.gradle.launcher.daemon.bootstrap.GradleDaemon 5.6.4
java_class_path (initial): C:\Users\user\.gradle\wrapper\dists\gradle-5.6.4-all\ankdp27end7byghfw1q2sw75f\gradle-5.6.4\lib\gradle-launcher-5.6.4.jar
Launcher Type: SUN_STANDARD

Environment Variables:
PATH=C:\Program Files (x86)\NVIDIA Corporation\PhysX\Common;C:\Program Files (x86)\Common Files\Oracle\Java\javapath;C:\WINDOWS\system32;C:\WINDOWS;C:\WINDOWS\System32\Wbem;C:\WINDOWS\System32\WindowsPowerShell\v1.0\;C:\Program Files\Git\cmd;C:\Program Files (x86)\Intel\OpenCL SDK\2.0\bin\x86;C:\Program Files (x86)\Intel\OpenCL SDK\2.0\bin\x64;C:\WINDOWS\System32\OpenSSH\;C:\Program Files\Dart\dart-sdk\bin;C:\Users\user\AppData\Local\Microsoft\WindowsApps;
USERNAME=Noel
OS=Windows_NT
PROCESSOR_IDENTIFIER=Intel64 Family 6 Model 42 Stepping 7, GenuineIntel



---------------  S Y S T E M  ---------------

OS: Windows 10.0 , 64 bit Build 18362 (10.0.18362.778)

CPU:total 4 (initial active 4) (2 cores per cpu, 2 threads per core) family 6 model 42 stepping 7, cmov, cx8, fxsr, mmx, sse, sse2, sse3, ssse3, sse4.1, sse4.2, popcnt, avx, aes, clmul, ht, tsc, tscinvbit

Memory: 4k page, physical 8296812k(521752k free), swap 10250604k(5528k free)

vm_info: OpenJDK 64-Bit Server VM (25.212-b04) for windows-amd64 JRE (1.8.0_212-release-1586-b04), built by "builder" with MS VC++ 10.0 (VS2010)

time: Fri May 08 18:28:57 2020
timezone: W. Central Africa Standard Time
elapsed time: 11 seconds (0d 0h 0m 11s)

